Mouse
Doggy
Bear
Kitty
Bunnnny
Wolf
Fox
Panda
Polar Bear
Ice Kitty
Deer
Ice Wolf
Piggy
Magma Deer
Ice Dragon
Golem
Dinosaur
Ruby Golem
Dragon
Dark Dragon
Emerald Golem
Green Hydra
Rainbow Shock
Magma Doggy
Magma Fox
Unicorn
Magma Bear
Ice Deer
Demon
Inferno Dragon
Space Mouse
Space Bull
Lunar Fox
Lunarcorn
Lunar Serpent
Cave Bat
Dark Bat
Angel
Emerald Bat
Flying Pig
Electra
Neon Elemental
Dark Phoenix
Void Demon
Void Fox
Void Bat
Void Kitty
Demon Doggy
Skeletal Deer
Hell Bat
Night Crawler
Inferno Cube
Hell Dragon
Inferno Demon
Virus
Hell Crawler
Hell Piggy
Green Angel
Hexarium
Yellow Fox
Red Golem
Orange Deer
The Overlord
Demonic Hydra
Manicorn
Manarium
MAN FACE GOD
Sigma Serpent
Manny
Demonic Dogcat
Rainbow Blitz
Kitsune
King Soul
Holy Shock
Evil Shock
Sunburst
Umbra
Abyssal Dragon
Moonburst
Dusk
Hacker Prism
Flying Gem
King Doggy
Beta TV
Dowodle
Discord Imp
Avernus
Crescent Empress
Lunar Deity
Solar Deity
Judgement
Seraph
Ophanim
Enlightened Kitty
Trio Cube
NULLVoid
Bunny Doggy
Egg Bunny
Paper Bunny
Paper Doggy
Chubby Bunny
Easter Fluffle
Hatchling
Giant Chocolate Chicken
Ethereal Bunny
Seraphic Bunny
Rainbow Marshmellow
Sweet Treat
Cardinal Bunny
Angel Bunny
Chocolate Bunny
Infernus
Easter Basket
Dark Serpent
Dualcorn
Midas
Patronus
Bow Bunny
Flying Bunny
Easter Egg
Holy Egg
Easter Serpent
Godly Gem
Dementor
Bunny
Long Kitty
King Pufferfish
Hyperwave Kitty
Silly Doggy
Enraged Phoenix
Electra Hydra
Elite Challenger
DOOF
Starlight
Parasite
ROUND
Overseer
Golden Dragon
Silver Fox
Bronze Bunny
Diamond Hexarium
Diamond Serpent
Competitor Doggy
Royal Trophy
Golden Golem
Elite Soul
Cyber Wolf
Starry Lamb
Mining Doggy
Mining Bat
Cave Mole
Crystal Unicorn
Stone Gargoyle
Fancy Demon
Game Master
Happy Dice
Cyborg Phoenix
Martian Kitty
Robo Kitty
Space Invader
Bionic Shard
Sleepy Bunny
Dragon Plushie
Game Doggy
Gamer Boi
Queen of Hearts
Ore Golem
Magmas
Dice Split
Moon Deer
Nebula
Moonlight
Mech Robot
Jackpot
Luminosity
Dawn
Capybara Plushie
Toilet Doggy
Sir Doggyton
Demonweb
Prophet
Vaporium
D0GGY1337
Wolflord
Lord Shock
Queen Kitty
Crimson Butterfly
Crimson Bloodmoon
Darkness Creature
Corrupt Glitch
Hell Demon
Demon Angel
Prismatic
Holy Bell
Emerald Wolf
Cute Deer
Bongo Kitty
The Sun
Security System
Neon Wire Eye
Royal Guardian
Neon Doggy
Noctis
The Moon
Water Serpent
Fire Guardian
Galaxy Dice
Wind Fairy
Ground Golem
Star Charm
Cerberus
Hologram Dragon
Chronos
Dark Lord
Chance Dragon
Disco Ball
Ring Master
Neon Wyvern
Equalizer
Dreamscape
Popsicle Trio
Beelzebub
Dragonfruit
Neapolitan Stack
Mangorium
Sundae Doggy
Rigby
Kiwi Dragon
Pineapple Tourist
Seagull
Mint Sundae Champion
Lemon Dragon
Everblaze
Watermelon Boi
Strawberry Doggy
Overlord Plushie
Soarin' Surfer
Bunny Cone
Sundae Cone
Glyph Warrior
Rune Guardian
Beach Boi
Runic Defender
Ancient One
Runic Master
Rune Stone
Monolith
Runic Prism
Chocolate Sundae Champion
Strawberry Sundae Champion
Vanilla Sundae Champion
Tourist Doggy
Infernal
Carrot Pufferfish
Crystal Teddy
Researcher Doggy
Monkey
Fossil Dragon
Fossilus
Bug Amber
Fossil Ghost
Kraken
Pirate Kitty
Strawhat Dragon
Captain Monkey
Chest Mimic
Captain's Curse
Doggy Pile
Air Basilisk
Electric Basilisk
Fire Basilisk
Ice Basilisk
Shinigami
Immortal One
Voidflame
Darkness
EVIL
Captain Bruh
Galaxium
Guardian of Light
Shimmering Shard
Light Doggy
Dowominus
WOMAN FACE GOD
Dark Kitty
Light Orb
Light Cube
Radiant Elemental
Dark Golem
Stained Star
Voidsight
BGS Box
Void Crystal Dragon
Broken TV
Golden Retreiver
Dream Catcher
Void Scorpion
Void Crystal Parasite
Void Eye
Excabot
Void Crystal Doggy
King Slime
True Titan
Radiant Crystal Dragon
Light Kitty
Bruhodle
Glorp Bruh
Seraphic Bruh
Bruh
Bruhette
Bruh Cat
Celestial Bruh
ROUND BRUH
BRUH GOD
Dogcat
Pyramidium
Bruh Split
Starry Kitsune
Kitty Tophat
Bunny Tophat
Da Cool Trio
Patriotic Robot
Liberty
Star Lord
Doggy Tophat
Tole Cat
Patriotic Penguin
Rainbow Shock Tophat
Dementor Tophat
Patriotic Shock
Sparkler Man
Pixel Hydra
Eagle
Patriotic Doggy
Dragon Tophat
Big Bee
Honeycomb Blast
Black Rain Frog
Stickbug
Wilted Branch
Soul of Plant
Lucid Leaf
Lovely Rose
Geometric Dominus
Patriotic Soul
King Mush
Frost Defender
Dark Guardian
Archduke Federation
Duchess Federation
Archduchess Federation
Duke Federation
Lord Federation
Lady Federation
Countess Federation
Earl Federation
Light Lord
Giant Robot
Glitch
Winged Doggy
Super Trophy
Super Hexarium
Spitty
Diamond Overlord
Paragon
Fallen Angel
Eternal Star
Platinum Dualcorn
King Kitty
Jawbreaker Elemental
D.I.Y Robot
Dowodle Pile
Destiny
Pearl Goddess
Dominus Astra
Eternal Heart
Super Pufferfish
OwOlord
Baby Blue Bee
Bumble Bee
Angel Bee
Evil Bee
Bee Bee Bee
Shard
Queen Bee
Gummy Dragon
Cream Snowcone
Rock Candy Golem
Amalgamation
Sparkly Lemonade
False Prophet
Cherry Snowcone
Blaze
Sea Serpent
Strawberry Snowcone
Fracture
Candy Winged Hydra
Gumdrop King
Jelly Overlord
Giant D.I.Y Robot
Golem Bunny
Clown Emoji
Blue Raspberry Snowcone
Tiger's Eye
The Shocklord
Super Beach Boi
Dominus Serpent
Gummy Worm
Gummy Shark
Angel Demon
Marshmallow
Ice Winged Hydra
Magma Cube
The Elder
Gigantic Spitty
Lava Bat
Fire King
King Seahorse
Hellshard
Sea Turtle
Minty Serpent
Lovely Lotus
Abyssal Sea Dragon
Cthulhu
Giant Pearl
Round Spitty
Snow Fox
Night Dweller
Lava Golem
Ice Bear
Lava Imp
Sea Star
Penguin
Axolotl Plushie
Flower Pot
Royal Fishbowl
Bermuda Triangle
Thorn Dragon
Vine Kitty
Vine Dinosaur
Vine Deer
Sea Champion
Earth Champion
Dark Champion
Sky Champion
Fire Champion
Gryphon
Atlantis Guardian
Octopus
Angler Fish
Koi
Abyss Kitty
Shark
Tidal God
Dark Jellyfish
Sea Urchin
Jellyfish
Sailboat
Pond Queen
Void Eclipse
Crab
Gleaming Tide
Serene Tide
Abyssal Wanderer
Danger of the Abyss
Prisma
Disturbed Dragon
Shadow Hunter
Duality
Disturbed Unicorn
Eternity
Stellar Goat
Sleepy Fox
Serene Axolotl
Dreamscape Influence
Cosmic Herald
Cosmic Antlers
Parasol Paladin
Lamp Ghost
Lunar Bloom
Ethereal One
Moonlit Gaze
Surreal Seeker
MISSING OBJECT
Soul Jam
Dreadful Dragon
Deception
Galactic Paladin
Hellfire
Venom Moth
Contrast
Hallowed Spirit
Holy Candle
ACE
Giant Pixel Robot
Shadow Leviathan
Diamond Ring
Demonarium
Demonlord
Celestial Split
Split
Dragon Split
Eternal Cucumber
Mariposa
Snake Eyes
Illumination
Mad Hatter
Rooted Ratio
The Missing Ones
Vectorlord
Nephalem
Virtual Bat
Virtual Kitty
Yin Yang
Wyrm of Currents
Equilibrium
Mysterious Bloom
Plasma Wolflord
Starry Moth
Bloomshifter
Ultra Heart
Queen Overlord
Moonchanter
Stellar Entity
Soul Heart
Stellar Drop
Empyreus
Stellaris
Nert Pufferfish
Pot O' Gold
Cosmos
Mecha Kraken
Andromeda
Hermit Crab
Brainrot Shark
Trophy
Brainrot Mouse
Brainrot Doggy
Gummy Overlord
Darkest Omen
Faithless Virtue
Box of Secrets
BIG ROUND
Virtual Pet
Isaac's Creation
Superstar
Classic Dragon
Classic King Doggy
Classic Leviathan
1x1x1x1
Giant Cave Mole
Giant Classic Chicken
Classic Overlord
Classic Doggy
Classic Unicorn
Classic Dowodle
Classic Dogcat
Classic Noob
Classic Dominus
Classic Beta TV
Pixel Heart
Classic Kitty
ObscureEntity Plushie
Monarch Butterfly
Forest Light
Eternal Pumpkin
Prince Pumpkin
Big Leafy
Jack O' Doggy
Leafy
Almighty Pumpkin
Sylently's Hats
Crystal Acorn
Pumpgeist
Moose
Squirrel
Sylently Plushie
Nert Dragon
Fall Pyramidium
Autumn Paragon
Autumn Hydra
Dowodle Pumpkin
Sylently's Pet
Sircfenner Doggy
Nert Plushie
Quamatic Plushie
Isaac Rainbow Shock
Hallow Candy
Sircfenner Plushie
Leaf Doggy
Leaf Kitty
Autumn Dragon
Demon Tree
Quamatic Bear
Candycorn Shard
Phantom
Maple Divinity
Willow Chandelier
Candle Phoenix
Candled Doggy
Lantern Demon
Scented Candle
Kitty Wick
Aureate Koi
Frost Sentinel
Ultimate Clover
Autumn Leaf
Test Tube
Demon Knight
Hollow Reflection
Fox O' Wisp
Synthwave
Shattered Soul
Sinistar
Kitty Pot
Chroma Slime
Super Shock
Nightmare Guardian
Uncle Cat
Bubble Beast
Wisp Doggy
Pumpkin Kitty
Ghostarium
Fangseeker
Armageddon
Cartoon Doggy
Cartoon Kitty
Cartoon Hexarium
Cartoon Hydra
Cartoon Overlord
Angelic Ghost Spirit
Demonic Ghost Spirit
Sinister Skull
All Seeing Shard
Angelic Skull
Wolf Skull
King Skull
Witches Pot
Equinox
Crimson Eye
Pure Vessel
Dark Vessel
Light Vessel
Guardian Skull
Frankenbot
Trickster
Ghostlord
Booger Boi
Pirate Doggy
DUMB PUMPKIN
Pumpkin Golem
Pumpkin Bunny
Rose Koi
Nightmare Jester
Voodoo Dowodle
The Hand
Neon Robot
Candycorn Star
Giant One Eyed Monster
Voodoo Plushie
Sinister Lord
Nightmare
Classic Pumpkin
Evo
Ghosdeeri
OG Sinister Lord
Poltergeist
Ghost Kitty
Ghost Deer
Ghost Phoenix
Ghost Wisps
Radiance
OG The Keeper
Angelic Spirit
Sinister Shard
Trick O Treat
Evil Marshmallow
King Eye
Mutant Dragon
Mutant Bunny
Mutant Kitty
Lucid Potion
The Dusekkar
Witch Rigby
Tainter Spirit
Haunted Spirit
Pumpkin Pyramidium
OG Radiance
Shallow Radiance
Axolotl Army
King Leviathan
Super Hacker Prism
Harmonic Harp
VIP Rumblecon Doggy
Rumblecon Doggy
Shadow Jester
Starfruit
Shadow Friend
Starlight Catcher
Pumpkin-Bot
Dark Pyramidium
DUMB SINISTER LORD
Wicked Widow
Creepy Overlord
Almighty Hexarium
Maid Nert Plushie
OG Luminance
Radiant One
All Seeing Eye
Prototype DR4G0N
Whimsical Fairy
The Puppeteer
Moonlord
Harlequin
Mother Doll
Dual Act
Ragdoll
Sorrow
Joy
Old Dolly
Infernal Revenant
Spookivus
OG Electra Hydra
OG Christmas Elemental
OG Toxic Elemental
OG Dowodle
OG Dark Serpent
OG Enraged Phoenix
OG Beta TV
OG Candy Winged Hydra
Nekomata
OG Cupcake
OG Unicorn
OG Element Hydra
OG Cursed Scorpio
OG Galaxium
OG Sakuralord
OG The Overlord
OG Prisma Cube
OG Chocolate Sundae Champion
OG Mint Sundae Champion
OG Vanilla Sundae Champion
OG Strawberry Sundae Champion
OG Dragonfruit
OG Plasma Wolflord
OG Shard
OG Giant Robot
OG Lucid Leaf
OG Diamond Ring
67 GOD
White Swan
Amethyst
Mystical Galaxy
Dark Radiance
Dark Leviathan
Silly Golem
Silly Dragon
Silly Angel
Silly Unicorn
Silly Hydra
Super Silly Doggy
Silly King Doggy
Silly Leviathan
FutureWebsiteOwner Plushie
OG Frost Sentinel
God Tamer
Shadow Raven
Guardian Angel
OG Dementor
Grand Guardian
OG King Kitty
OG Godly Gem
OG Duality
OG Axolotl Plushie
OG Hellfire
OG Air Basilisk
OG BGS Plaque
OG Pastel Hexarium
OG Fruity Shock
OG Unicore
OG Vine Doggy
OG Vine Kitty
OG Ice Basilisk
OG Electric Basilisk
OG Archangel
OG Fire Basilisk
OG Crystal Teddy
OG Koi
OG Immortal One
OG Demoncore
OG Galactic Paladin
Lemonade Master
Apple Rabbit
OG Light Demon
OG Shade Demon
OG Gem Overlord
OG Angelic Ghost Spirit
OG Radiant One
OG Demonic Ghost Spirit
Clockwork
Guardian Elemental
OG Pastel Angel
OG Pastel Dragon
OG Abyss
OG Shadow Hunter
OG Cardinal Bunny
OG Dark Guardian
HotHoundDog
Ketchup
Mustard
Giant NULLvoid
The Infinity Gem
Drippy Slice
Eternal Burger
Hot Dog Doggy
Giant Gummy Worm
Infinity Wisp
JellOwOlord
Prismidium
Butter Dawg
Watermelon Round
OG Soul Heart
OG Love Thief
OG Eternal Heart
OG Godly Shamrock
OG OwOlord
OG Pufferfish
Mega Mech
OG Overlord Plushie
OG Lucky Pyramidium
OG Hellshard
Fairylight Kitsune
OG Wolflord
Harvest Dogcat
Harvest Doggy
Pumpkin Boi
Scarecrow
Wheat Angel
Corn Dragon
Aureate Sunflower
Pumpkin Pie
Giant Fall Turkey
The Cornucopia
Man Face Leviathan
Man Face Dogcat
Giant Emerald Golem
Man Face Shock
Man Face Cube
Man Face Lord
Man Face Golem
Man Face Bunny
Man Face Dragon
OG Holy Bell
Candycane Dominus
King Spitty
Rudolph Shock
Giant DOOF
Santa's Giftbag
Toilet Puffer
Cursed King
Arctic Fox
King Polar Bear
Flakey
Snowball
Frigid Star
Snowman
Flake Spirit
Kuuhenki
OG Morning Star
OG Soulflake
RUMBLECON GOD
The Golden Ticket
Rumblecon Halftime Show
Rumblecon Ticket Vendor
Rumblecon Trophy
MVP Rumblecon Doggy
Rumblecon Dragon
Rumblecon Bunny
Rumblecon Kitty
Ancient Frost Leviathan
Gingerbread Bunny
Gingerbread Kitty
Gingerbread Shard
Gingerbread Doggy
Peppermint Heart
Demonic Peppermint
Royal Candy Cane
Candycane Bunny
Candycane Kitty
Christmas Bell
Velvet Wolflord
Permafrost
Santa Rigby
Frost Shard
Snowglobe Doggy
Santa's Hat
Santa Penguin
Frosted Bond
Lenny Box
Festivus
Snowstorm
Sweet Heart
Festive Snow Jar
Crystal Snowman
King Bell
Morning Star
Archangel
Candycane Dragon
Frosted Dogcat
Jingle Orb
Illuminated Fawn
Mistletoe Fiend
Gumdrop
Peppermint Boi
Little Ornament
The Leviathan
Christmas Elemental
Angelus
Krampus
Festive Wreath
Ornament Round
Gold Marshmallow
Magic Marshmallow
Merry Marshmallow
S'more
Choco Demon
Cup O' Cocoa
Silent Night
Holy Light
Frost Winged Hydra
Peppermint Leviathan
Giant Nert's Pufferfish
FutureWebsiteOwner Giftbox
Sylently Giftbox
Sircfenner Giftbox
ObscureEntity Giftbox
Giftbox Unicorn
Giftbox Dark Phoenix
Giftbox Kitty
Giftbox Bunny
Quamatic Giftbox
Giftbox Doggy
Nert Giftbox
Giftbox King Doggy
Big Rigby
Santa Nert Plushie
Big Flakey
Christmas Robot
Winter Phantom
Joy Candle
Love Candle
Peace Candle
Iridescent Catcher
Hope Candle
Macaron King
Guardian Cookie
Festive Flyer
Milk Kitty
Cookie Doggy
Heavenly Poinsettia
Northern Star
Soulflake
Borealis Elk
Aurora Borealis
Lunar Fairy
Starry Angel
Starry Bunny
Snowglobe
Aurora Dragon
Peppermint Shard
Twin Snowballs
Festive Serpent
Santa Kitty
Mystical Hybrid
Santa Doggy
Blizzard Dementor
Santa Capybara Plushie
Radiant Soul
Christmas Trophy
Divine Frost
Festive Fox
Yeti
Giant Snowman
Frigid Blade
Santa Slime
Sea Chime
Auronium
Festive Deity
Christmas Tree
Mistletoe Fairy
Demonic Fireplace
Snowverlord
Snowglobe Hexarium
Sack o' Angel
Festive Deer
Holiday Spirit
Festive Wolf
Frosty Lord Shock
Frosted Luminosity
Frost Cube
Frost Bunny
Frost Golem
Frosty One
Frost Pyramidium
Aero Koi
Aero Heart
Solitaire
Painted Daze
Purble Vision
Mine Sweeper
Frutiger User
Bubble Doggy
New Year's Champion
Ball Drop Hexarium
New Year's Serpent
New Year's Blast
Prosperity
New Year's Overlord
Firecracker
New Years Shard
Dark Prophet
2026 Pyramidium
2026 Spitty
2026 Kitty
2026 Bunny
2026 Doggy
The Flawless
Colossal Kraken
Super Crimson Bloodmoon
BUBBLE
Radiant Challenger
Fairy Doggy
Fairy Piggy
Lily Bud
Pixie
Forest Drifter
Inferno Moth
2026 Sparkler Man
Harmonic Lily
Picasso Split
Fairy Log
Poison Apple
Witch of The Woods
2026 Kitsune
Starglitcher
Festive Basket
Royal Hog
Royal Bunny
Royal Piggy
Royal Inferno Dragon
Prince Slime
Royalty
Royal Dogcat
Aurora Guardian
OG New Year's Champion
OG Infinity Gem
Sack O' Angel
Frost Elemental
Nert Pufferfish
Chroma Star
Nexus
Serendipity
Balloon Doggy
Tophat Spitty
Clown Round
Clown Rigby
Festival One
Elephant Plushie
Leviathan Plushie
Catmouse
Void Soul
Fancy Dragon Plushie
Clown Doggy
Clown Kitty
Clown Bunny
LOL
Drum Golem
Lion
Cannon Bomb
Cotton Candy
Golden Balloon
Magic Doggy
Magic Bunny
Dice
Golden Lion
Circus Stack
The Jester
Azure Fate
Leviathan Tophat
Avernus Tophat
Giant Chocolate Chicken Tophat
Dark Omen
Seraph Tophat
Silly Doggy Tophat
Pufferfish Tophat
Pig Tophat
Dinosaur Tophat
Bruh Tophat
Deer Tophat
Bubble Circus Show
Clown Nert Plushie
Music Elemental
Cliffy
Boxboi
Key Performer
Symphonic Hieromphant
Giant Bongo Kitty
Encore
Royal Lion
Shadow Crystal Shard
Dark Jester
Robot Tophat
Dark Gryphon
Star Titan
Cyber Pyramidium
Rockstar Leviathan
Neon Prototype
Ice Cream Fairy
Providence
Twilight Opal
Super Tophat Stack
Starcaster
Elegant Emerald
Dark Force
Jester Bunny
Dark Trickster
Jester Doggy
Jester Kitty
Stellar Acheron
Juggler
Secret Circus Stack
Circus Monster
Dark Dragon Plushie
Teddy Bear Plushie
Pollination
Chroma Defender
Retro Sylently's Pet
Bot In The Box
Giant Dreamscape
Okami Spirit
Dragon Lily
Tanuki
Busy Bees
PC-Bot
Retro Dominus
Retro Doggy
Retro Hexarium
Retro Kitty
Retro Face God
Retro Pyramidium
Retro Kraken
Malware
Sunflower Doggy
Violet Kitty
Lily Drop
Azure Lily
Floral Dogcat
Magician Bunny
que fofo
Mini-Go Round
Timid Cannon
Juggler Ditto
Flagbearer
Merry-Go Hound
Fantasia
Manticore
Devil's Skull
Hellish Beast
Hellxarium
Fire Golem
Demon Dragon
Hellish Demon
Azure Gaze
Supreme Seraphim
Azure Hexarium
Reincarnation
Azure Judgement
Azure Angel
Neon Angel
Divine One
Hellish One
Karma
Divine Seraph
Demon Dowodle
Pure Guard
Dark Plasma Wolflord
Dark Koi
Synthesis
Equipoise
Inferno Gem
Giant que fofo
Bubblegum Pegasus
Heartbroken One
Mirror Gem
Valentium
Dark Seer
Twitch Defender
Lovely Shock
Inferno Gryphon
Love Basilisk
Lovely Omen
Kraken Couplet
Super Soul Heart
Retro Soul Heart
que bonita
QUE FOFO FACE GOD
Letter Kitty
Lovely Ribbon
Lovely Doggy
Lovebirds
Chocolate Bond
Chocolate Gift
Pure of Heart
Amour Archer
Pumpkin Doggy
Super Radiant One
Super Leviathan
Super Doggy
Super Unicorn
Super Kitty
The Superlord
Super Crescent Empress
SUPER BIG ROUND
UwUlord
Seraphim
The Eternity
Rainbow Pyramidium
Giant Neon Elemental
Sakura Doggy
Sakura Deer
Blossom Protector
Elegant Sakura
Sakura Specter
Sakura Vectorlord
Soulflower
Sakura Sprout
Sakuralord
Blossom Chime
Giant Kitsune
Stuffed Tabby
Dark Star
Dark Avernus
The Dark Tyrant
Dark Destiny
Cobalt Sea Dragon
Dark Basilisk
Crimson Sea Dragon
Memory of Remembrance
Broken Heart
Love Soul
Broken Unicorn
Lovely Marshmallow
Lonely Rose
Darkness Rose
Queen of Thorns
The Love Thief
Rainbow Gryphon
Wealthy Trio
Egg Trophy
Giant Crescent Empress
All-Seeing Overseer
Lunar Deer
Selenic Paladin
Lantern Koi
Light Lantern
Night Bloom
Lunar New Years Basilisk
Oceandeep Bounty
Fortuitous Overlord
Golden Tokage
Crimson Blossom
Silly Wushi
Ardent Lantern
Lantern Kitty
Lantern Doggy
Chinese Dragon
Fortune Star
OG Guardian Skull
OG Wolf Skull
OG King Skull
OG Angelic Skull
OG Sinister Skull
OG Easter Spirit
OG Glitch
OG Advocate
OG Sky Imp
OG Cartoon Kitty
OG Cartoon Doggy
Moonglow Elemental
Everlasting Moonglow
Gilded Kitty
Moonglow Axolotl
Moonglow Serpent
World Bubble
Moon Goddess
Rainbow Dogcat
